g:\mfccimage\mfccimage\x64\debug\mfccimage.pch
g:\mfccimage\mfccimage\x64\debug\vc143.pdb
g:\mfccimage\mfccimage\x64\debug\vc143.idb
g:\mfccimage\mfccimage\x64\debug\pch.obj
g:\mfccimage\mfccimage\x64\debug\mfccimagedlg.obj
g:\mfccimage\mfccimage\x64\debug\mfccimage.obj
g:\mfccimage\x64\debug\mfccimage.exe
g:\mfccimage\mfccimage\x64\debug\mfccimage.ilk
g:\mfccimage\x64\debug\mfccimage.pdb
g:\mfccimage\mfccimage\x64\debug\mfccimage.res
g:\mfcexam5\mfcexam\mfccimage\x64\debug\mfccimage.obj
g:\mfcexam5\mfcexam\mfccimage\x64\debug\mfccimagedlg.obj
g:\mfcexam5\mfcexam\mfccimage\x64\debug\pch.obj
g:\mfcexam5\mfcexam\mfccimage\x64\debug\mfccimage.ilk
g:\mfcexam5\mfcexam\mfccimage\x64\debug\mfccimage.res
g:\mfcexam5\mfcexam\mfccimage\x64\debug\mfccimage.pch
g:\mfcexam5\mfcexam\mfccimage\x64\debug\vc143.idb
g:\mfcexam5\mfcexam\mfccimage\x64\debug\vc143.pdb
g:\mfcexam5\mfcexam\x64\debug\mfccimage.pdb
g:\mfcexam5\mfcexam\x64\debug\mfccimage.exe
g:\mfcexam5\mfcexam\mfccimage\x64\debug\mfccimage.tlog\cl.command.1.tlog
g:\mfcexam5\mfcexam\mfccimage\x64\debug\mfccimage.tlog\cl.items.tlog
g:\mfcexam5\mfcexam\mfccimage\x64\debug\mfccimage.tlog\cl.read.1.tlog
g:\mfcexam5\mfcexam\mfccimage\x64\debug\mfccimage.tlog\cl.write.1.tlog
g:\mfcexam5\mfcexam\mfccimage\x64\debug\mfccimage.tlog\link.command.1.tlog
g:\mfcexam5\mfcexam\mfccimage\x64\debug\mfccimage.tlog\link.read.1.tlog
g:\mfcexam5\mfcexam\mfccimage\x64\debug\mfccimage.tlog\link.write.1.tlog
g:\mfcexam5\mfcexam\mfccimage\x64\debug\mfccimage.tlog\rc.command.1.tlog
g:\mfcexam5\mfcexam\mfccimage\x64\debug\mfccimage.tlog\rc.read.1.tlog
g:\mfcexam5\mfcexam\mfccimage\x64\debug\mfccimage.tlog\rc.write.1.tlog
